<?xml version="1.0" encoding="UTF-8"?>
<!-- Generated by org.testng.reporters.JUnitReportReporter -->
<testsuite skipped="0" hostname="DESKTOP-F6HQBTU" name="com.sgtesting.selenium.dataprovider.DataProviderDemo" tests="4" failures="0" timestamp="2021-09-16T11:02:34 IST" time="7.818" errors="0">
  <testcase name="launchBrowser" time="2.137" classname="com.sgtesting.selenium.dataprovider.DataProviderDemo"/>
  <system-out/>
  <testcase name="navigate" time="0.900" classname="com.sgtesting.selenium.dataprovider.DataProviderDemo"/>
  <system-out/>
  <testcase name="login" time="4.466" classname="com.sgtesting.selenium.dataprovider.DataProviderDemo"/>
  <system-out/>
  <testcase name="logout" time="0.315" classname="com.sgtesting.selenium.dataprovider.DataProviderDemo"/>
  <system-out/>
</testsuite> <!-- com.sgtesting.selenium.dataprovider.DataProviderDemo -->
