<?xml version="1.0" encoding="UTF-8"?>
<!-- Generated by org.testng.reporters.JUnitReportReporter -->
<testsuite skipped="0" hostname="DESKTOP-F6HQBTU" name="com.sgtesting.selenium.dataprovider.LoginLogoutDemo" tests="6" failures="0" timestamp="2021-09-16T11:12:02 IST" time="0.092" errors="0">
  <testcase name="launchBrowser" time="0.057" classname="com.sgtesting.selenium.dataprovider.LoginLogoutDemo"/>
  <system-out/>
  <testcase name="navigate" time="0.007" classname="com.sgtesting.selenium.dataprovider.LoginLogoutDemo"/>
  <system-out/>
  <testcase name="login" time="0.006" classname="com.sgtesting.selenium.dataprovider.LoginLogoutDemo"/>
  <system-out/>
  <testcase name="login" time="0.005" classname="com.sgtesting.selenium.dataprovider.LoginLogoutDemo"/>
  <system-out/>
  <testcase name="login" time="0.005" classname="com.sgtesting.selenium.dataprovider.LoginLogoutDemo"/>
  <system-out/>
  <testcase name="closeApplication" time="0.012" classname="com.sgtesting.selenium.dataprovider.LoginLogoutDemo"/>
  <system-out/>
</testsuite> <!-- com.sgtesting.selenium.dataprovider.LoginLogoutDemo -->
