<?xml version="1.0" encoding="UTF-8"?>
<!-- Generated by org.testng.reporters.JUnitReportReporter -->
<testsuite skipped="0" hostname="DESKTOP-F6HQBTU" name="com.sgtesting.selenium.TestNG.TestNGDemo1" tests="6" failures="0" timestamp="2021-09-17T09:14:28 IST" time="0.105" errors="0">
  <testcase name="launchBrowser" time="0.060" classname="com.sgtesting.selenium.TestNG.TestNGDemo1"/>
  <system-out/>
  <testcase name="navigate" time="0.015" classname="com.sgtesting.selenium.TestNG.TestNGDemo1"/>
  <system-out/>
  <testcase name="login" time="0.012" classname="com.sgtesting.selenium.TestNG.TestNGDemo1"/>
  <system-out/>
  <testcase name="login" time="0.007" classname="com.sgtesting.selenium.TestNG.TestNGDemo1"/>
  <system-out/>
  <testcase name="login" time="0.007" classname="com.sgtesting.selenium.TestNG.TestNGDemo1"/>
  <system-out/>
  <testcase name="closeApplication" time="0.004" classname="com.sgtesting.selenium.TestNG.TestNGDemo1"/>
  <system-out/>
</testsuite> <!-- com.sgtesting.selenium.TestNG.TestNGDemo1 -->
